<?xml version="1.0" encoding="UTF-8"?>
<!-- Generated by org.testng.reporters.JUnitReportReporter -->
<testsuite skipped="0" hostname="GYAN-LAB-PC11" name="PkgORangeHrm.BaseTest" tests="1" failures="0" timestamp="2020-01-14T15:21:21 IST" time="7.144" errors="0">
  <testcase name="Login" time="7.144" classname="PkgORangeHrm.BaseTest"/>
</testsuite> <!-- PkgORangeHrm.BaseTest -->
