<?xml version="1.0" encoding="UTF-8"?>
<!-- Generated by org.testng.reporters.JUnitReportReporter -->
<testsuite skipped="0" hostname="GYAN-LAB-PC11" name="PkgORangeHrm.BaseTest" tests="1" failures="0" timestamp="2020-01-15T14:31:05 IST" time="10.190" errors="0">
  <testcase name="Login" time="10.190" classname="PkgORangeHrm.BaseTest"/>
</testsuite> <!-- PkgORangeHrm.BaseTest -->
